[00:56:56] [ServerMain/INFO]: Environment: authHost='https://authserver.mojang.com', accountsHost='https://api.mojang.com', sessionHost='https://sessionserver.mojang.com', servicesHost='https://api.minecraftservices.com', name='PROD'
[00:56:58] [ServerMain/INFO]: Loaded 7 recipes
[00:56:58] [Server thread/INFO]: Starting minecraft server version 1.20.1
[00:56:58] [Server thread/INFO]: Loading properties
[00:56:58] [Server thread/INFO]: This server is running Paper version git-Paper-196 (MC: 1.20.1) (Implementing API version 1.20.1-R0.1-SNAPSHOT) (Git: 773dd72)
[00:56:59] [Server thread/INFO]: Server Ping Player Sample Count: 12
[00:56:59] [Server thread/INFO]: Using 4 threads for Netty based IO
[00:56:59] [Server thread/WARN]: [!] The timings profiler has been enabled but has been scheduled for removal from Paper in the future.
    We recommend installing the spark profiler as a replacement: https://spark.lucko.me/
    For more information please visit: https://github.com/PaperMC/Paper/issues/8948
[00:56:59] [Server thread/INFO]: [ChunkTaskScheduler] Chunk system is using 1 I/O threads, 1 worker threads, and gen parallelism of 1 threads
[00:56:59] [Server thread/INFO]: Default game type: SURVIVAL
[00:56:59] [Server thread/INFO]: Generating keypair
[00:57:00] [Server thread/INFO]: Starting Minecraft server on *:25565
[00:57:00] [Server thread/INFO]: Using epoll channel type
[00:57:00] [Server thread/INFO]: Paper: Using libdeflate (Linux x86_64) compression from Velocity.
[00:57:00] [Server thread/INFO]: Paper: Using OpenSSL 1.1.x (Linux x86_64) cipher from Velocity.
[00:57:00] [Server thread/INFO]: Server permissions file permissions.yml is empty, ignoring it
[00:57:00] [Server thread/WARN]: **** SERVER IS RUNNING IN OFFLINE/INSECURE MODE!
[00:57:00] [Server thread/WARN]: The server will make no attempt to authenticate usernames. Beware.
[00:57:00] [Server thread/WARN]: While this makes the game possible to play without internet access, it also opens up the ability for hackers to connect with any username they choose.
[00:57:00] [Server thread/WARN]: To change this, set "online-mode" to "true" in the server.properties file.
[00:57:00] [Server thread/INFO]: Preparing level "world"
[00:57:00] [Server thread/INFO]: Preparing start region for dimension minecraft:overworld
[00:57:00] [Server thread/INFO]: Time elapsed: 268 ms
[00:57:00] [Server thread/INFO]: Preparing start region for dimension minecraft:the_nether
[00:57:01] [Server thread/INFO]: Time elapsed: 124 ms
[00:57:01] [Server thread/INFO]: Preparing start region for dimension minecraft:the_end
[00:57:01] [Server thread/INFO]: Time elapsed: 108 ms
[00:57:01] [Server thread/INFO]: Running delayed init tasks
[00:57:01] [Server thread/INFO]: Done (2.397s)! For help, type "help"
[00:57:01] [Server thread/INFO]: Timings Reset
[00:58:37] [User Authenticator #0/INFO]: UUID of player ElKeitoGG is 6a5c8a62-a6aa-3cf8-a643-8a7e034f35b0
[00:58:37] [Server thread/INFO]: ElKeitoGG joined the game
[00:58:37] [Server thread/INFO]: ElKeitoGG[/127.121.168.202:48885] logged in with entity id 365 at ([world]6.5, 72.0, -5.5)
[00:59:14] [Server thread/INFO]: Made ElKeitoGG a server operator
[00:59:18] [Server thread/INFO]: ElKeitoGG issued server command: /gamemode creative
[00:59:18] [Server thread/INFO]: [ElKeitoGG: Set own game mode to Creative Mode]
[00:59:28] [Server thread/INFO]: Stopping the server
[00:59:28] [Server thread/INFO]: Stopping server
[00:59:28] [Server thread/INFO]: Saving players
[00:59:28] [Server thread/INFO]: ElKeitoGG lost connection: Server closed
[00:59:28] [Server thread/INFO]: ElKeitoGG left the game
[00:59:28] [Server thread/INFO]: Saving worlds
[00:59:28] [Server thread/INFO]: Saving chunks for level 'ServerLevel[world]'/minecraft:overworld
[00:59:28] [Server thread/INFO]: [ChunkHolderManager] Waiting 60s for chunk system to halt for world 'world'
[00:59:28] [Server thread/INFO]: [ChunkHolderManager] Halted chunk system for world 'world'
[00:59:28] [Server thread/INFO]: [ChunkHolderManager] Saving all chunkholders for world 'world'
[00:59:30] [Server thread/INFO]: [ChunkHolderManager] Saved 2349 block chunks, 700 entity chunks, 5 poi chunks in world 'world' in 1.96s
[00:59:30] [Server thread/INFO]: ThreadedAnvilChunkStorage (world): All chunks are saved
[00:59:30] [Server thread/INFO]: Saving chunks for level 'ServerLevel[world_nether]'/minecraft:the_nether
[00:59:30] [Server thread/INFO]: [ChunkHolderManager] Waiting 60s for chunk system to halt for world 'world_nether'
[00:59:30] [Server thread/INFO]: [ChunkHolderManager] Halted chunk system for world 'world_nether'
[00:59:30] [Server thread/INFO]: [ChunkHolderManager] Saving all chunkholders for world 'world_nether'
[00:59:31] [Server thread/INFO]: [ChunkHolderManager] Saved 2025 block chunks, 529 entity chunks, 0 poi chunks in world 'world_nether' in 0.81s
[00:59:31] [Server thread/INFO]: ThreadedAnvilChunkStorage (DIM-1): All chunks are saved
[00:59:31] [Server thread/INFO]: Saving chunks for level 'ServerLevel[world_the_end]'/minecraft:the_end
[00:59:31] [Server thread/INFO]: [ChunkHolderManager] Waiting 60s for chunk system to halt for world 'world_the_end'
[00:59:31] [Server thread/INFO]: [ChunkHolderManager] Halted chunk system for world 'world_the_end'
[00:59:31] [Server thread/INFO]: [ChunkHolderManager] Saving all chunkholders for world 'world_the_end'
[00:59:31] [Server thread/INFO]: [ChunkHolderManager] Saved 529 block chunks, 529 entity chunks, 0 poi chunks in world 'world_the_end' in 0.11s
[00:59:32] [Server thread/INFO]: ThreadedAnvilChunkStorage (DIM1): All chunks are saved
[00:59:32] [Server thread/INFO]: ThreadedAnvilChunkStorage: All dimensions are saved
[00:59:32] [Server thread/INFO]: Flushing Chunk IO
[00:59:32] [Server thread/INFO]: Closing Thread Pool
[00:59:32] [Server thread/INFO]: Closing Server
